<?xml version="1.0" encoding="UTF-8"?>
<!-- Generated by org.testng.reporters.JUnitReportReporter -->
<testsuite skipped="0" hostname="Ajith-PC" name="scripts.TestInvalidLogin" tests="1" failures="0" timestamp="16 Nov 2018 04:16:53 GMT" time="11.511" errors="0">
  <testcase name="testInvalidLogin" time="11.511" classname="scripts.TestInvalidLogin"/>
</testsuite> <!-- scripts.TestInvalidLogin -->
