<?xml version="1.0" encoding="UTF-8"?>
<!-- Generated by org.testng.reporters.JUnitReportReporter -->
<testsuite skipped="0" hostname="Ajith-PC" name="scripts.TestInvalidLogin" tests="1" failures="0" timestamp="01 Dec 2018 01:26:16 GMT" time="13.544" errors="0">
  <testcase name="testInvalidLogin" time="13.544" classname="scripts.TestInvalidLogin"/>
</testsuite> <!-- scripts.TestInvalidLogin -->
